<?xml version="1.0" encoding="UTF-8"?>
<!-- Generated by org.testng.reporters.JUnitReportReporter -->
<testsuite hostname="DESKTOP-9FSOJAE" failures="0" tests="1" name="com.SFDC_Bajaj.testCases.TC_LoginTest_001" time="43.016" errors="0" timestamp="2022-03-24T10:30:50 IST" skipped="0">
  <testcase classname="com.SFDC_Bajaj.testCases.TC_LoginTest_001" name="loginTest" time="43.016"/>
  <system-out/>
</testsuite> <!-- com.SFDC_Bajaj.testCases.TC_LoginTest_001 -->
