<?xml version="1.0" encoding="UTF-8"?>
<!-- Generated by org.testng.reporters.JUnitReportReporter -->
<testsuite skipped="0" hostname="DESKTOP-9FSOJAE" name="com.SFDC_Bajaj.testCases.TC_LoginTest_001" tests="1" failures="0" timestamp="2022-03-30T11:33:48 IST" time="26.525" errors="0">
  <testcase name="loginTest" time="26.525" classname="com.SFDC_Bajaj.testCases.TC_LoginTest_001"/>
  <system-out/>
</testsuite> <!-- com.SFDC_Bajaj.testCases.TC_LoginTest_001 -->
